2020-11-23 11:20:27,182 INFO notifyConnectTimeout:200

2020-11-23 11:20:27,187 INFO notifySocketTimeout:8000

2020-11-23 11:20:27,187 INFO isHealthCheck:true

2020-11-23 11:20:27,187 INFO maxHealthCheckFailCount:12

2020-11-23 11:20:27,187 INFO maxContent:10485760

2020-11-23 11:20:29,157 INFO Schema 'NACOS' already exists.

2020-11-23 11:20:29,313 INFO Table/View 'CONFIG_INFO' already exists in Schema 'NACOS'.

2020-11-23 11:20:29,816 INFO Table/View 'HIS_CONFIG_INFO' already exists in Schema 'NACOS'.

2020-11-23 11:20:29,963 INFO Table/View 'CONFIG_INFO_BETA' already exists in Schema 'NACOS'.

2020-11-23 11:20:30,094 INFO Table/View 'CONFIG_INFO_TAG' already exists in Schema 'NACOS'.

2020-11-23 11:20:30,213 INFO Table/View 'CONFIG_INFO_AGGR' already exists in Schema 'NACOS'.

2020-11-23 11:20:30,337 INFO Table/View 'APP_LIST' already exists in Schema 'NACOS'.

2020-11-23 11:20:30,467 INFO Table/View 'APP_CONFIGDATA_RELATION_SUBS' already exists in Schema 'NACOS'.

2020-11-23 11:20:30,579 INFO Table/View 'APP_CONFIGDATA_RELATION_PUBS' already exists in Schema 'NACOS'.

2020-11-23 11:20:30,697 INFO Table/View 'CONFIG_TAGS_RELATION' already exists in Schema 'NACOS'.

2020-11-23 11:20:30,812 INFO Table/View 'GROUP_CAPACITY' already exists in Schema 'NACOS'.

2020-11-23 11:20:31,175 INFO Table/View 'TENANT_CAPACITY' already exists in Schema 'NACOS'.

2020-11-23 11:20:31,314 INFO Table/View 'TENANT_INFO' already exists in Schema 'NACOS'.

2020-11-23 11:20:31,424 INFO Table/View 'USERS' already exists in Schema 'NACOS'.

2020-11-23 11:20:31,528 INFO Table/View 'ROLES' already exists in Schema 'NACOS'.

2020-11-23 11:20:31,684 INFO The statement was aborted because it would have caused a duplicate key value in a unique or primary key constraint or unique index identified by 'SQL201116141900120' defined on 'USERS'.

2020-11-23 11:20:31,825 WARN DumpService start

2020-11-23 11:20:31,832 INFO start clear all config-info.

2020-11-23 11:20:31,842 WARN clear all config-info failed.

2020-11-23 11:20:31,842 WARN clear all config-info-tenant failed.

2020-11-23 11:20:32,067 INFO start clear all config-info-beta.

2020-11-23 11:20:32,067 WARN clear all config-info-beta failed.

2020-11-23 11:20:32,067 WARN clear all config-info-beta-tenant failed.

2020-11-23 11:20:32,107 INFO start clear all config-info-tag.

2020-11-23 11:20:32,108 WARN clear all config-info-tag failed.

2020-11-23 11:20:32,108 WARN clear all config-info-tag-tenant failed.

2020-11-23 11:20:34,628 INFO ServerListService address-server port:8848

2020-11-23 11:20:34,629 INFO ADDRESS_SERVER_URL:http://jmenv.tbsite.net:8080/nacos/serverlist

2020-11-23 11:20:34,631 WARN [serverlist] updated to [169.254.198.237]

