2020-11-23 11:21:05,152 INFO PERFORMANCE:|1|1|-1|-1

2020-11-23 11:26:05,155 INFO PERFORMANCE:|1|1|-1|-1

2020-11-23 11:31:05,157 INFO PERFORMANCE:|2|2|-1|-1

2020-11-23 11:36:05,158 INFO PERFORMANCE:|2|2|-1|-1

2020-11-23 11:41:05,159 INFO PERFORMANCE:|2|2|-1|-1

2020-11-23 11:46:05,160 INFO PERFORMANCE:|2|2|-1|-1

2020-11-23 11:51:05,161 INFO PERFORMANCE:|2|2|-1|-1

2020-11-23 11:56:05,163 INFO PERFORMANCE:|2|2|-1|-1

2020-11-23 12:01:05,165 INFO PERFORMANCE:|2|2|-1|-1

2020-11-23 12:06:05,166 INFO PERFORMANCE:|2|2|-1|-1

2020-11-23 12:11:05,168 INFO PERFORMANCE:|2|2|-1|-1

2020-11-23 12:16:05,171 INFO PERFORMANCE:|2|2|-1|-1

2020-11-23 12:21:05,172 INFO PERFORMANCE:|2|2|-1|-1

2020-11-23 12:26:05,174 INFO PERFORMANCE:|2|2|-1|-1

2020-11-23 12:31:05,174 INFO PERFORMANCE:|2|2|-1|-1

2020-11-23 12:36:05,175 INFO PERFORMANCE:|2|2|-1|-1

2020-11-23 12:41:05,177 INFO PERFORMANCE:|2|2|-1|-1

2020-11-23 12:46:05,178 INFO PERFORMANCE:|2|2|-1|-1

2020-11-23 12:51:05,180 INFO PERFORMANCE:|2|2|-1|-1

2020-11-23 12:56:05,181 INFO PERFORMANCE:|2|2|-1|-1

2020-11-23 13:01:05,183 INFO PERFORMANCE:|2|2|-1|-1

2020-11-23 13:06:05,184 INFO PERFORMANCE:|2|2|-1|-1

2020-11-23 13:11:05,186 INFO PERFORMANCE:|2|2|-1|-1

2020-11-23 13:16:05,188 INFO PERFORMANCE:|2|2|-1|-1

2020-11-23 13:21:05,189 INFO PERFORMANCE:|2|2|-1|-1

2020-11-23 13:26:05,191 INFO PERFORMANCE:|2|2|-1|-1

2020-11-23 13:31:05,191 INFO PERFORMANCE:|2|2|-1|-1

2020-11-23 13:36:05,192 INFO PERFORMANCE:|2|2|-1|-1

2020-11-23 13:41:05,194 INFO PERFORMANCE:|2|2|-1|-1

2020-11-23 13:46:05,195 INFO PERFORMANCE:|2|2|-1|-1

2020-11-23 13:51:05,197 INFO PERFORMANCE:|2|2|-1|-1

2020-11-23 13:56:05,198 INFO PERFORMANCE:|2|2|-1|-1

2020-11-23 14:01:05,200 INFO PERFORMANCE:|2|2|-1|-1

2020-11-23 14:06:05,200 INFO PERFORMANCE:|2|2|-1|-1

2020-11-23 14:11:05,201 INFO PERFORMANCE:|2|2|-1|-1

2020-11-23 14:16:05,203 INFO PERFORMANCE:|2|2|-1|-1

2020-11-23 14:21:05,205 INFO PERFORMANCE:|2|2|-1|-1

2020-11-23 14:26:05,206 INFO PERFORMANCE:|2|2|-1|-1

2020-11-23 14:31:05,207 INFO PERFORMANCE:|2|2|-1|-1

2020-11-23 14:36:05,208 INFO PERFORMANCE:|2|2|-1|-1

2020-11-23 14:41:05,210 INFO PERFORMANCE:|2|2|-1|-1

2020-11-23 14:46:05,210 INFO PERFORMANCE:|2|2|-1|-1

2020-11-23 14:51:05,211 INFO PERFORMANCE:|2|2|-1|-1

2020-11-23 14:56:05,212 INFO PERFORMANCE:|2|2|-1|-1

2020-11-23 15:01:05,213 INFO PERFORMANCE:|2|2|-1|-1

2020-11-23 15:06:05,218 INFO PERFORMANCE:|2|2|-1|-1

2020-11-23 15:11:05,220 INFO PERFORMANCE:|2|2|-1|-1

2020-11-23 15:16:05,222 INFO PERFORMANCE:|2|0|-1|-1

2020-11-23 15:21:05,224 INFO PERFORMANCE:|2|0|-1|-1

2020-11-23 15:26:05,225 INFO PERFORMANCE:|2|0|-1|-1

2020-11-23 15:31:05,235 INFO PERFORMANCE:|2|1|-1|-1

2020-11-23 15:36:05,237 INFO PERFORMANCE:|2|1|-1|-1

2020-11-23 15:41:05,239 INFO PERFORMANCE:|2|0|-1|-1

2020-11-23 15:46:05,240 INFO PERFORMANCE:|2|2|-1|-1

2020-11-23 15:51:05,242 INFO PERFORMANCE:|2|2|-1|-1

2020-11-23 15:56:05,244 INFO PERFORMANCE:|2|2|-1|-1

2020-11-23 16:01:05,244 INFO PERFORMANCE:|2|2|-1|-1

2020-11-23 16:06:05,245 INFO PERFORMANCE:|2|0|-1|-1

2020-11-23 16:11:05,247 INFO PERFORMANCE:|2|2|-1|-1

2020-11-23 16:16:05,248 INFO PERFORMANCE:|2|2|-1|-1

2020-11-23 16:21:05,248 INFO PERFORMANCE:|2|2|-1|-1

2020-11-23 16:26:05,250 INFO PERFORMANCE:|2|2|-1|-1

2020-11-23 16:31:05,252 INFO PERFORMANCE:|2|2|-1|-1

2020-11-23 16:36:05,254 INFO PERFORMANCE:|2|2|-1|-1

2020-11-23 16:41:05,254 INFO PERFORMANCE:|2|2|-1|-1

2020-11-23 16:46:05,255 INFO PERFORMANCE:|2|2|-1|-1

2020-11-23 16:51:05,256 INFO PERFORMANCE:|2|2|-1|-1

2020-11-23 16:56:05,259 INFO PERFORMANCE:|2|1|-1|-1

2020-11-23 17:01:05,259 INFO PERFORMANCE:|2|2|-1|-1

2020-11-23 17:06:05,260 INFO PERFORMANCE:|2|1|-1|-1

2020-11-23 17:11:05,262 INFO PERFORMANCE:|2|1|-1|-1

2020-11-23 17:16:05,264 INFO PERFORMANCE:|2|1|-1|-1

2020-11-23 17:21:05,265 INFO PERFORMANCE:|2|2|-1|-1

2020-11-23 17:26:05,267 INFO PERFORMANCE:|2|2|-1|-1

2020-11-23 17:31:05,269 INFO PERFORMANCE:|2|2|-1|-1

2020-11-23 17:36:05,271 INFO PERFORMANCE:|2|2|-1|-1

2020-11-23 17:41:05,272 INFO PERFORMANCE:|2|2|-1|-1

2020-11-23 17:46:05,273 INFO PERFORMANCE:|2|0|-1|-1

2020-11-23 17:51:05,275 INFO PERFORMANCE:|2|0|-1|-1

2020-11-23 17:56:05,277 INFO PERFORMANCE:|2|0|-1|-1

2020-11-23 18:01:05,279 INFO PERFORMANCE:|2|0|-1|-1

2020-11-23 18:06:05,281 INFO PERFORMANCE:|2|0|-1|-1

2020-11-23 18:11:05,283 INFO PERFORMANCE:|2|0|-1|-1

2020-11-23 18:16:05,283 INFO PERFORMANCE:|2|0|-1|-1

2020-11-23 18:21:05,285 INFO PERFORMANCE:|2|0|-1|-1

2020-11-23 18:26:05,287 INFO PERFORMANCE:|2|0|-1|-1

2020-11-23 18:31:05,289 INFO PERFORMANCE:|2|2|-1|-1

2020-11-23 18:36:05,291 INFO PERFORMANCE:|2|2|-1|-1

2020-11-23 18:41:05,293 INFO PERFORMANCE:|2|2|-1|-1

2020-11-23 18:46:05,295 INFO PERFORMANCE:|2|2|-1|-1

2020-11-23 18:51:05,296 INFO PERFORMANCE:|2|2|-1|-1

